c:\users\saki2\desktop\security-assignmnet\secure software assignment 1\secure software assignment 1\debug\windspeed.obj
c:\users\saki2\desktop\security-assignmnet\secure software assignment 1\secure software assignment 1\debug\user.obj
c:\users\saki2\desktop\security-assignmnet\secure software assignment 1\secure software assignment 1\debug\tempeture.obj
c:\users\saki2\desktop\security-assignmnet\secure software assignment 1\secure software assignment 1\debug\snowfall.obj
c:\users\saki2\desktop\security-assignmnet\secure software assignment 1\secure software assignment 1\debug\secure software assignment 1.obj
c:\users\saki2\desktop\security-assignmnet\secure software assignment 1\secure software assignment 1\debug\proofid.obj
c:\users\saki2\desktop\security-assignmnet\secure software assignment 1\secure software assignment 1\debug\privilegelvl.obj
c:\users\saki2\desktop\security-assignmnet\secure software assignment 1\secure software assignment 1\debug\permission.obj
c:\users\saki2\desktop\security-assignmnet\secure software assignment 1\secure software assignment 1\debug\model.obj
c:\users\saki2\desktop\security-assignmnet\secure software assignment 1\secure software assignment 1\debug\menuview.obj
c:\users\saki2\desktop\security-assignmnet\secure software assignment 1\secure software assignment 1\debug\logger.obj
c:\users\saki2\desktop\security-assignmnet\secure software assignment 1\secure software assignment 1\debug\lift.obj
c:\users\saki2\desktop\security-assignmnet\secure software assignment 1\secure software assignment 1\debug\decorator.obj
c:\users\saki2\desktop\security-assignmnet\secure software assignment 1\secure software assignment 1\debug\credentialinfo.obj
c:\users\saki2\desktop\security-assignmnet\secure software assignment 1\secure software assignment 1\debug\controller.obj
c:\users\saki2\desktop\security-assignmnet\secure software assignment 1\secure software assignment 1\debug\authenticator.obj
c:\users\saki2\desktop\security-assignmnet\secure software assignment 1\debug\secure software assignment 1.ilk
c:\users\saki2\desktop\security-assignmnet\secure software assignment 1\debug\secure software assignment 1.exe
c:\users\saki2\desktop\security-assignmnet\secure software assignment 1\debug\secure software assignment 1.pdb
c:\users\saki2\desktop\security-assignmnet\secure software assignment 1\secure software assignment 1\debug\secure s.498dab36.tlog\cl.command.1.tlog
c:\users\saki2\desktop\security-assignmnet\secure software assignment 1\secure software assignment 1\debug\secure s.498dab36.tlog\cl.read.1.tlog
c:\users\saki2\desktop\security-assignmnet\secure software assignment 1\secure software assignment 1\debug\secure s.498dab36.tlog\cl.write.1.tlog
c:\users\saki2\desktop\security-assignmnet\secure software assignment 1\secure software assignment 1\debug\secure s.498dab36.tlog\link.command.1.tlog
c:\users\saki2\desktop\security-assignmnet\secure software assignment 1\secure software assignment 1\debug\secure s.498dab36.tlog\link.read.1.tlog
c:\users\saki2\desktop\security-assignmnet\secure software assignment 1\secure software assignment 1\debug\secure s.498dab36.tlog\link.write.1.tlog
